2021-09-05T16:39:46+00:00 CRITICAL Uncaught Error: Call to a member function get_course_data() on null in /home/cbkvrayq/online.webfast.asia/wp-content/themes/eduma/learnpress-v4/single-course/sidebar/user-progress.php:12
Stack trace:
#0 /home/cbkvrayq/online.webfast.asia/wp-content/plugins/learnpress/inc/lp-template-functions.php(933): include()
#1 /home/cbkvrayq/online.webfast.asia/wp-content/plugins/learnpress/templates/widgets/course-progress.php(24): learn_press_get_template('single-course/s...')
#2 /home/cbkvrayq/online.webfast.asia/wp-content/plugins/learnpress/inc/widgets/course-progress.php(92): include('/home/cbkvrayq/...')
#3 /home/cbkvrayq/online.webfast.asia/wp-includes/class-wp-widget.php(393): LP_Widget_Course_Progress->widget(Array, Array)
#4 /home/cbkvrayq/online.webfast.asia/wp-includes/widgets.php(831): WP_Widget->display_callback(Array, Array)
#5 /home/cbkvrayq/online.webfast.asia/wp-content/themes/eduma/sidebar-courses.php(19): dynamic_sidebar('sidebar_courses')
#6 /home/cbkvrayq/online.webfast.asia/wp-includes/template.ph in /home/cbkvrayq/online.webfast.asia/wp-content/themes/eduma/learnpress-v4/single-course/sidebar/user-progress.php on line 12

2021-09-05T16:39:56+00:00 CRITICAL Uncaught Error: Call to a member function get_course_data() on null in /home/cbkvrayq/online.webfast.asia/wp-content/themes/eduma/learnpress-v4/single-course/sidebar/user-progress.php:12
Stack trace:
#0 /home/cbkvrayq/online.webfast.asia/wp-content/plugins/learnpress/inc/lp-template-functions.php(933): include()
#1 /home/cbkvrayq/online.webfast.asia/wp-content/plugins/learnpress/templates/widgets/course-progress.php(24): learn_press_get_template('single-course/s...')
#2 /home/cbkvrayq/online.webfast.asia/wp-content/plugins/learnpress/inc/widgets/course-progress.php(92): include('/home/cbkvrayq/...')
#3 /home/cbkvrayq/online.webfast.asia/wp-includes/class-wp-widget.php(393): LP_Widget_Course_Progress->widget(Array, Array)
#4 /home/cbkvrayq/online.webfast.asia/wp-includes/widgets.php(831): WP_Widget->display_callback(Array, Array)
#5 /home/cbkvrayq/online.webfast.asia/wp-content/themes/eduma/sidebar-courses.php(19): dynamic_sidebar('sidebar_courses')
#6 /home/cbkvrayq/online.webfast.asia/wp-includes/template.ph in /home/cbkvrayq/online.webfast.asia/wp-content/themes/eduma/learnpress-v4/single-course/sidebar/user-progress.php on line 12

2021-09-05T16:40:05+00:00 CRITICAL Uncaught Error: Call to a member function get_course_data() on null in /home/cbkvrayq/online.webfast.asia/wp-content/themes/eduma/learnpress-v4/single-course/sidebar/user-progress.php:12
Stack trace:
#0 /home/cbkvrayq/online.webfast.asia/wp-content/plugins/learnpress/inc/lp-template-functions.php(933): include()
#1 /home/cbkvrayq/online.webfast.asia/wp-content/plugins/learnpress/templates/widgets/course-progress.php(24): learn_press_get_template('single-course/s...')
#2 /home/cbkvrayq/online.webfast.asia/wp-content/plugins/learnpress/inc/widgets/course-progress.php(92): include('/home/cbkvrayq/...')
#3 /home/cbkvrayq/online.webfast.asia/wp-includes/class-wp-widget.php(393): LP_Widget_Course_Progress->widget(Array, Array)
#4 /home/cbkvrayq/online.webfast.asia/wp-includes/widgets.php(831): WP_Widget->display_callback(Array, Array)
#5 /home/cbkvrayq/online.webfast.asia/wp-content/themes/eduma/sidebar-courses.php(19): dynamic_sidebar('sidebar_courses')
#6 /home/cbkvrayq/online.webfast.asia/wp-includes/template.ph in /home/cbkvrayq/online.webfast.asia/wp-content/themes/eduma/learnpress-v4/single-course/sidebar/user-progress.php on line 12

2021-09-05T16:40:13+00:00 CRITICAL Uncaught Error: Call to a member function get_course_data() on null in /home/cbkvrayq/online.webfast.asia/wp-content/themes/eduma/learnpress-v4/single-course/sidebar/user-progress.php:12
Stack trace:
#0 /home/cbkvrayq/online.webfast.asia/wp-content/plugins/learnpress/inc/lp-template-functions.php(933): include()
#1 /home/cbkvrayq/online.webfast.asia/wp-content/plugins/learnpress/templates/widgets/course-progress.php(24): learn_press_get_template('single-course/s...')
#2 /home/cbkvrayq/online.webfast.asia/wp-content/plugins/learnpress/inc/widgets/course-progress.php(92): include('/home/cbkvrayq/...')
#3 /home/cbkvrayq/online.webfast.asia/wp-includes/class-wp-widget.php(393): LP_Widget_Course_Progress->widget(Array, Array)
#4 /home/cbkvrayq/online.webfast.asia/wp-includes/widgets.php(831): WP_Widget->display_callback(Array, Array)
#5 /home/cbkvrayq/online.webfast.asia/wp-content/themes/eduma/sidebar-courses.php(19): dynamic_sidebar('sidebar_courses')
#6 /home/cbkvrayq/online.webfast.asia/wp-includes/template.ph in /home/cbkvrayq/online.webfast.asia/wp-content/themes/eduma/learnpress-v4/single-course/sidebar/user-progress.php on line 12

2021-09-05T16:40:38+00:00 CRITICAL Uncaught Error: Call to a member function get_course_data() on null in /home/cbkvrayq/online.webfast.asia/wp-content/themes/eduma/learnpress-v4/single-course/sidebar/user-progress.php:12
Stack trace:
#0 /home/cbkvrayq/online.webfast.asia/wp-content/plugins/learnpress/inc/lp-template-functions.php(933): include()
#1 /home/cbkvrayq/online.webfast.asia/wp-content/plugins/learnpress/templates/widgets/course-progress.php(24): learn_press_get_template('single-course/s...')
#2 /home/cbkvrayq/online.webfast.asia/wp-content/plugins/learnpress/inc/widgets/course-progress.php(92): include('/home/cbkvrayq/...')
#3 /home/cbkvrayq/online.webfast.asia/wp-includes/class-wp-widget.php(393): LP_Widget_Course_Progress->widget(Array, Array)
#4 /home/cbkvrayq/online.webfast.asia/wp-includes/widgets.php(831): WP_Widget->display_callback(Array, Array)
#5 /home/cbkvrayq/online.webfast.asia/wp-content/themes/eduma/sidebar-courses.php(19): dynamic_sidebar('sidebar_courses')
#6 /home/cbkvrayq/online.webfast.asia/wp-includes/template.ph in /home/cbkvrayq/online.webfast.asia/wp-content/themes/eduma/learnpress-v4/single-course/sidebar/user-progress.php on line 12

2021-09-05T16:40:50+00:00 CRITICAL Uncaught Error: Call to a member function get_course_data() on null in /home/cbkvrayq/online.webfast.asia/wp-content/themes/eduma/learnpress-v4/single-course/sidebar/user-progress.php:12
Stack trace:
#0 /home/cbkvrayq/online.webfast.asia/wp-content/plugins/learnpress/inc/lp-template-functions.php(933): include()
#1 /home/cbkvrayq/online.webfast.asia/wp-content/plugins/learnpress/templates/widgets/course-progress.php(24): learn_press_get_template('single-course/s...')
#2 /home/cbkvrayq/online.webfast.asia/wp-content/plugins/learnpress/inc/widgets/course-progress.php(92): include('/home/cbkvrayq/...')
#3 /home/cbkvrayq/online.webfast.asia/wp-includes/class-wp-widget.php(393): LP_Widget_Course_Progress->widget(Array, Array)
#4 /home/cbkvrayq/online.webfast.asia/wp-includes/widgets.php(831): WP_Widget->display_callback(Array, Array)
#5 /home/cbkvrayq/online.webfast.asia/wp-content/themes/eduma/sidebar-courses.php(19): dynamic_sidebar('sidebar_courses')
#6 /home/cbkvrayq/online.webfast.asia/wp-includes/template.ph in /home/cbkvrayq/online.webfast.asia/wp-content/themes/eduma/learnpress-v4/single-course/sidebar/user-progress.php on line 12

2021-09-05T16:41:05+00:00 CRITICAL Uncaught Error: Call to a member function get_course_data() on null in /home/cbkvrayq/online.webfast.asia/wp-content/themes/eduma/learnpress-v4/single-course/sidebar/user-progress.php:12
Stack trace:
#0 /home/cbkvrayq/online.webfast.asia/wp-content/plugins/learnpress/inc/lp-template-functions.php(933): include()
#1 /home/cbkvrayq/online.webfast.asia/wp-content/plugins/learnpress/templates/widgets/course-progress.php(24): learn_press_get_template('single-course/s...')
#2 /home/cbkvrayq/online.webfast.asia/wp-content/plugins/learnpress/inc/widgets/course-progress.php(92): include('/home/cbkvrayq/...')
#3 /home/cbkvrayq/online.webfast.asia/wp-includes/class-wp-widget.php(393): LP_Widget_Course_Progress->widget(Array, Array)
#4 /home/cbkvrayq/online.webfast.asia/wp-includes/widgets.php(831): WP_Widget->display_callback(Array, Array)
#5 /home/cbkvrayq/online.webfast.asia/wp-content/themes/eduma/sidebar-courses.php(19): dynamic_sidebar('sidebar_courses')
#6 /home/cbkvrayq/online.webfast.asia/wp-includes/template.ph in /home/cbkvrayq/online.webfast.asia/wp-content/themes/eduma/learnpress-v4/single-course/sidebar/user-progress.php on line 12

2021-09-05T16:41:19+00:00 CRITICAL Uncaught Error: Call to a member function get_course_data() on null in /home/cbkvrayq/online.webfast.asia/wp-content/themes/eduma/learnpress-v4/single-course/sidebar/user-progress.php:12
Stack trace:
#0 /home/cbkvrayq/online.webfast.asia/wp-content/plugins/learnpress/inc/lp-template-functions.php(933): include()
#1 /home/cbkvrayq/online.webfast.asia/wp-content/plugins/learnpress/templates/widgets/course-progress.php(24): learn_press_get_template('single-course/s...')
#2 /home/cbkvrayq/online.webfast.asia/wp-content/plugins/learnpress/inc/widgets/course-progress.php(92): include('/home/cbkvrayq/...')
#3 /home/cbkvrayq/online.webfast.asia/wp-includes/class-wp-widget.php(393): LP_Widget_Course_Progress->widget(Array, Array)
#4 /home/cbkvrayq/online.webfast.asia/wp-includes/widgets.php(831): WP_Widget->display_callback(Array, Array)
#5 /home/cbkvrayq/online.webfast.asia/wp-content/themes/eduma/sidebar-courses.php(19): dynamic_sidebar('sidebar_courses')
#6 /home/cbkvrayq/online.webfast.asia/wp-includes/template.ph in /home/cbkvrayq/online.webfast.asia/wp-content/themes/eduma/learnpress-v4/single-course/sidebar/user-progress.php on line 12

2021-09-05T16:41:21+00:00 CRITICAL Uncaught Error: Call to a member function get_course_data() on null in /home/cbkvrayq/online.webfast.asia/wp-content/themes/eduma/learnpress-v4/single-course/sidebar/user-progress.php:12
Stack trace:
#0 /home/cbkvrayq/online.webfast.asia/wp-content/plugins/learnpress/inc/lp-template-functions.php(933): include()
#1 /home/cbkvrayq/online.webfast.asia/wp-content/plugins/learnpress/templates/widgets/course-progress.php(24): learn_press_get_template('single-course/s...')
#2 /home/cbkvrayq/online.webfast.asia/wp-content/plugins/learnpress/inc/widgets/course-progress.php(92): include('/home/cbkvrayq/...')
#3 /home/cbkvrayq/online.webfast.asia/wp-includes/class-wp-widget.php(393): LP_Widget_Course_Progress->widget(Array, Array)
#4 /home/cbkvrayq/online.webfast.asia/wp-includes/widgets.php(831): WP_Widget->display_callback(Array, Array)
#5 /home/cbkvrayq/online.webfast.asia/wp-content/themes/eduma/sidebar-courses.php(19): dynamic_sidebar('sidebar_courses')
#6 /home/cbkvrayq/online.webfast.asia/wp-includes/template.ph in /home/cbkvrayq/online.webfast.asia/wp-content/themes/eduma/learnpress-v4/single-course/sidebar/user-progress.php on line 12

2021-09-05T16:41:24+00:00 CRITICAL Uncaught Error: Call to a member function get_course_data() on null in /home/cbkvrayq/online.webfast.asia/wp-content/themes/eduma/learnpress-v4/single-course/sidebar/user-progress.php:12
Stack trace:
#0 /home/cbkvrayq/online.webfast.asia/wp-content/plugins/learnpress/inc/lp-template-functions.php(933): include()
#1 /home/cbkvrayq/online.webfast.asia/wp-content/plugins/learnpress/templates/widgets/course-progress.php(24): learn_press_get_template('single-course/s...')
#2 /home/cbkvrayq/online.webfast.asia/wp-content/plugins/learnpress/inc/widgets/course-progress.php(92): include('/home/cbkvrayq/...')
#3 /home/cbkvrayq/online.webfast.asia/wp-includes/class-wp-widget.php(393): LP_Widget_Course_Progress->widget(Array, Array)
#4 /home/cbkvrayq/online.webfast.asia/wp-includes/widgets.php(831): WP_Widget->display_callback(Array, Array)
#5 /home/cbkvrayq/online.webfast.asia/wp-content/themes/eduma/sidebar-courses.php(19): dynamic_sidebar('sidebar_courses')
#6 /home/cbkvrayq/online.webfast.asia/wp-includes/template.ph in /home/cbkvrayq/online.webfast.asia/wp-content/themes/eduma/learnpress-v4/single-course/sidebar/user-progress.php on line 12

2021-09-05T16:41:35+00:00 CRITICAL Uncaught Error: Call to a member function get_course_data() on null in /home/cbkvrayq/online.webfast.asia/wp-content/themes/eduma/learnpress-v4/single-course/sidebar/user-progress.php:12
Stack trace:
#0 /home/cbkvrayq/online.webfast.asia/wp-content/plugins/learnpress/inc/lp-template-functions.php(933): include()
#1 /home/cbkvrayq/online.webfast.asia/wp-content/plugins/learnpress/templates/widgets/course-progress.php(24): learn_press_get_template('single-course/s...')
#2 /home/cbkvrayq/online.webfast.asia/wp-content/plugins/learnpress/inc/widgets/course-progress.php(92): include('/home/cbkvrayq/...')
#3 /home/cbkvrayq/online.webfast.asia/wp-includes/class-wp-widget.php(393): LP_Widget_Course_Progress->widget(Array, Array)
#4 /home/cbkvrayq/online.webfast.asia/wp-includes/widgets.php(831): WP_Widget->display_callback(Array, Array)
#5 /home/cbkvrayq/online.webfast.asia/wp-content/themes/eduma/sidebar-courses.php(19): dynamic_sidebar('sidebar_courses')
#6 /home/cbkvrayq/online.webfast.asia/wp-includes/template.ph in /home/cbkvrayq/online.webfast.asia/wp-content/themes/eduma/learnpress-v4/single-course/sidebar/user-progress.php on line 12

2021-09-05T16:41:44+00:00 CRITICAL Uncaught Error: Call to a member function get_course_data() on null in /home/cbkvrayq/online.webfast.asia/wp-content/themes/eduma/learnpress-v4/single-course/sidebar/user-progress.php:12
Stack trace:
#0 /home/cbkvrayq/online.webfast.asia/wp-content/plugins/learnpress/inc/lp-template-functions.php(933): include()
#1 /home/cbkvrayq/online.webfast.asia/wp-content/plugins/learnpress/templates/widgets/course-progress.php(24): learn_press_get_template('single-course/s...')
#2 /home/cbkvrayq/online.webfast.asia/wp-content/plugins/learnpress/inc/widgets/course-progress.php(92): include('/home/cbkvrayq/...')
#3 /home/cbkvrayq/online.webfast.asia/wp-includes/class-wp-widget.php(393): LP_Widget_Course_Progress->widget(Array, Array)
#4 /home/cbkvrayq/online.webfast.asia/wp-includes/widgets.php(831): WP_Widget->display_callback(Array, Array)
#5 /home/cbkvrayq/online.webfast.asia/wp-content/themes/eduma/sidebar-courses.php(19): dynamic_sidebar('sidebar_courses')
#6 /home/cbkvrayq/online.webfast.asia/wp-includes/template.ph in /home/cbkvrayq/online.webfast.asia/wp-content/themes/eduma/learnpress-v4/single-course/sidebar/user-progress.php on line 12

